Drop It - Android/Drop It 3.5.4 Flippa Android/android/app/build/intermediates/manifest_merge_blame_file/release/manifest-merger-blame-release-report.txt
1<?xml version="1.0" encoding="utf-8"?>
2<manifest xmlns:android="http://schemas.android.com/apk/res/android"
3    package="com.rai.dropitdown"
4    android:versionCode="2"
5    android:versionName="1.1" >
6
7    <uses-sdk
8        android:minSdkVersion="21"
8-->src/main/AndroidManifest.xml
9        android:targetSdkVersion="31" />
9-->src/main/AndroidManifest.xml
10
11    <supports-screens
11-->src/main/AndroidManifest.xml:44:5-47:39
12        android:anyDensity="true"
12-->src/main/AndroidManifest.xml:46:9-34
13        android:largeScreens="true"
13-->src/main/AndroidManifest.xml:44:23-50
14        android:normalScreens="true"
14-->src/main/AndroidManifest.xml:47:9-37
15        android:smallScreens="true" />
15-->src/main/AndroidManifest.xml:45:9-36
16
17    <uses-permission android:name="android.permission.INTERNET" />
17-->src/main/AndroidManifest.xml:49:5-67
17-->src/main/AndroidManifest.xml:49:22-64
18    <uses-permission android:name="com.android.vending.BILLING" />
18-->src/main/AndroidManifest.xml:50:5-67
18-->src/main/AndroidManifest.xml:50:22-64
19    <uses-permission android:name="android.permission.ACCESS_NETWORK_STATE" />
19-->src/main/AndroidManifest.xml:51:5-79
19-->src/main/AndroidManifest.xml:51:22-76
20    <uses-permission android:name="android.permission.ACCESS_WIFI_STATE" />
20-->src/main/AndroidManifest.xml:52:5-76
20-->src/main/AndroidManifest.xml:52:22-73
21    <uses-permission android:name="android.permission.ACCESS_COARSE_LOCATION" />
21-->src/main/AndroidManifest.xml:53:5-81
21-->src/main/AndroidManifest.xml:53:22-78
22    <uses-permission android:name="android.permission.WRITE_EXTERNAL_STORAGE" />
22-->src/main/AndroidManifest.xml:54:5-81
22-->src/main/AndroidManifest.xml:54:22-78
23    <uses-permission android:name="android.permission.VIBRATE" />
23-->src/main/AndroidManifest.xml:55:5-66
23-->src/main/AndroidManifest.xml:55:22-63
24
25    <!--
26    This has been added to conform with requirement from Android 11 (API level 30) onwards
27    (http://screen/9iGdBMRWDmVbRJ6), after getting confirmation in http://yaqs/995038231927980032#a1
28    -->
29    <queries>
29-->[com.android.billingclient:billing:5.1.0] AndroidManifest.xml:16:5-20:15
30        <intent>
30-->[com.android.billingclient:billing:5.1.0] AndroidManifest.xml:17:9-19:18
31            <action android:name="com.android.vending.billing.InAppBillingService.BIND" />
31-->[com.android.billingclient:billing:5.1.0] AndroidManifest.xml:18:13-91
31-->[com.android.billingclient:billing:5.1.0] AndroidManifest.xml:18:21-88
32        </intent>
33        <!-- For browser content -->
34        <intent>
34-->[com.google.android.gms:play-services-ads-lite:20.3.0] AndroidManifest.xml:30:9-36:18
35            <action android:name="android.intent.action.VIEW" />
35-->[com.google.android.gms:play-services-ads-lite:20.3.0] AndroidManifest.xml:31:13-65
35-->[com.google.android.gms:play-services-ads-lite:20.3.0] AndroidManifest.xml:31:21-62
36
37            <category android:name="android.intent.category.BROWSABLE" />
37-->[com.google.android.gms:play-services-ads-lite:20.3.0] AndroidManifest.xml:33:13-74
37-->[com.google.android.gms:play-services-ads-lite:20.3.0] AndroidManifest.xml:33:23-71
38
39            <data android:scheme="https" />
39-->[com.google.android.gms:play-services-ads-lite:20.3.0] AndroidManifest.xml:35:13-44
39-->[com.google.android.gms:play-services-ads-lite:20.3.0] AndroidManifest.xml:35:19-41
40        </intent> <!-- End of browser content -->
41        <!-- For CustomTabsService -->
42        <intent>
42-->[com.google.android.gms:play-services-ads-lite:20.3.0] AndroidManifest.xml:39:9-41:18
43            <action android:name="android.support.customtabs.action.CustomTabsService" />
43-->[com.google.android.gms:play-services-ads-lite:20.3.0] AndroidManifest.xml:40:13-90
43-->[com.google.android.gms:play-services-ads-lite:20.3.0] AndroidManifest.xml:40:21-87
44        </intent>
45    </queries>
46
47    <uses-permission android:name="android.permission.WAKE_LOCK" />
47-->[com.google.android.gms:play-services-measurement-sdk-api:18.0.0] AndroidManifest.xml:25:5-68
47-->[com.google.android.gms:play-services-measurement-sdk-api:18.0.0] AndroidManifest.xml:25:22-65
48    <uses-permission android:name="android.permission.RECEIVE_BOOT_COMPLETED" />
48-->[androidx.work:work-runtime:2.1.0] AndroidManifest.xml:27:5-81
48-->[androidx.work:work-runtime:2.1.0] AndroidManifest.xml:27:22-78
49
50    <application
50-->src/main/AndroidManifest.xml:7:5-42:19
51        android:name="androidx.multidex.MultiDexApplication"
51-->src/main/AndroidManifest.xml:10:9-61
52        android:allowBackup="true"
52-->src/main/AndroidManifest.xml:9:9-35
53        android:appComponentFactory="androidx.core.app.CoreComponentFactory"
53-->[androidx.core:core:1.5.0] AndroidManifest.xml:24:18-86
54        android:icon="@drawable/icon"
54-->src/main/AndroidManifest.xml:8:9-38
55        android:label="@string/app_name" >
55-->src/main/AndroidManifest.xml:7:18-50
56        <meta-data
56-->src/main/AndroidManifest.xml:12:9-14:69
57            android:name="com.google.android.gms.ads.APPLICATION_ID"
57-->src/main/AndroidManifest.xml:13:13-69
58            android:value="ca-app-pub-4343203573796350~2645862522" />
58-->src/main/AndroidManifest.xml:14:13-67
59        <meta-data
59-->src/main/AndroidManifest.xml:15:9-17:35
60            android:name="com.google.android.gms.ads.DELAY_APP_MEASUREMENT_INIT"
60-->src/main/AndroidManifest.xml:16:13-81
61            android:value="true" />
61-->src/main/AndroidManifest.xml:17:13-33
62        <meta-data
62-->src/main/AndroidManifest.xml:19:9-20:69
63            android:name="com.google.android.gms.version"
63-->src/main/AndroidManifest.xml:19:20-65
64            android:value="@integer/google_play_services_version" />
64-->src/main/AndroidManifest.xml:20:13-66
65        <meta-data
65-->src/main/AndroidManifest.xml:21:9-22:46
66            android:name="com.google.android.gms.games.APP_ID"
66-->src/main/AndroidManifest.xml:21:20-70
67            android:value="@string/app_id" />
67-->src/main/AndroidManifest.xml:22:13-43
68
69        <activity
69-->src/main/AndroidManifest.xml:24:9-34:20
70            android:name="com.rai.dropitdown.PTPlayer"
70-->src/main/AndroidManifest.xml:24:19-43
71            android:configChanges="orientation"
71-->src/main/AndroidManifest.xml:29:13-48
72            android:exported="true"
72-->src/main/AndroidManifest.xml:28:13-36
73            android:label="@string/app_name"
73-->src/main/AndroidManifest.xml:25:13-45
74            android:screenOrientation="portrait"
74-->src/main/AndroidManifest.xml:26:13-49
75            android:theme="@android:style/Theme.NoTitleBar.Fullscreen" >
75-->src/main/AndroidManifest.xml:27:13-71
76            <intent-filter>
76-->src/main/AndroidManifest.xml:30:13-33:29
77                <action android:name="android.intent.action.MAIN" />
77-->src/main/AndroidManifest.xml:31:17-69
77-->src/main/AndroidManifest.xml:31:25-66
78
79                <category android:name="android.intent.category.LAUNCHER" />
79-->src/main/AndroidManifest.xml:32:17-77
79-->src/main/AndroidManifest.xml:32:27-74
80            </intent-filter>
81        </activity>
82        <activity
82-->src/main/AndroidManifest.xml:36:9-39:20
83            android:name="com.buildbox.consent.ConsentActivity"
83-->src/main/AndroidManifest.xml:37:13-64
84            android:theme="@style/Theme.AppCompat.Light.NoActionBar" >
84-->src/main/AndroidManifest.xml:38:13-69
85        </activity>
86        <activity
86-->[com.google.android.gms:play-services-base:17.6.0] AndroidManifest.xml:23:9-26:75
87            android:name="com.google.android.gms.common.api.GoogleApiActivity"
87-->[com.google.android.gms:play-services-base:17.6.0] AndroidManifest.xml:24:13-79
88            android:exported="false"
88-->[com.google.android.gms:play-services-base:17.6.0] AndroidManifest.xml:25:13-37
89            android:theme="@android:style/Theme.Translucent.NoTitleBar" />
89-->[com.google.android.gms:play-services-base:17.6.0] AndroidManifest.xml:26:13-72
90
91        <meta-data
91-->[com.android.billingclient:billing:5.1.0] AndroidManifest.xml:23:9-25:37
92            android:name="com.google.android.play.billingclient.version"
92-->[com.android.billingclient:billing:5.1.0] AndroidManifest.xml:24:13-73
93            android:value="5.1.0" />
93-->[com.android.billingclient:billing:5.1.0] AndroidManifest.xml:25:13-34
94
95        <activity
95-->[com.android.billingclient:billing:5.1.0] AndroidManifest.xml:27:9-31:75
96            android:name="com.android.billingclient.api.ProxyBillingActivity"
96-->[com.android.billingclient:billing:5.1.0] AndroidManifest.xml:28:13-78
97            android:configChanges="keyboard|keyboardHidden|screenLayout|screenSize|orientation"
97-->[com.android.billingclient:billing:5.1.0] AndroidManifest.xml:29:13-96
98            android:exported="false"
98-->[com.android.billingclient:billing:5.1.0] AndroidManifest.xml:30:13-37
99            android:theme="@android:style/Theme.Translucent.NoTitleBar" />
99-->[com.android.billingclient:billing:5.1.0] AndroidManifest.xml:31:13-72
100
101        <meta-data
101-->[:aob_applovin] AndroidManifest.xml:12:9-14:118
102            android:name="applovin.sdk.key"
102-->[:aob_applovin] AndroidManifest.xml:13:13-44
103            android:value="hKEi_6KgJFUGpWyldPwE7k-nglm_J4y-hOrrpwFMcDXRGSbWRX5oJXgBIPZaFxnGS-tzCBnfUimlVDe_nRWBlF" /> <!-- Include the AdActivity and InAppPurchaseActivity configChanges and themes. -->
103-->[:aob_applovin] AndroidManifest.xml:14:13-115
104        <activity
104-->[com.google.android.gms:play-services-ads-lite:20.3.0] AndroidManifest.xml:48:9-52:64
105            android:name="com.google.android.gms.ads.AdActivity"
105-->[com.google.android.gms:play-services-ads-lite:20.3.0] AndroidManifest.xml:49:13-65
106            android:configChanges="keyboard|keyboardHidden|orientation|screenLayout|uiMode|screenSize|smallestScreenSize"
106-->[com.google.android.gms:play-services-ads-lite:20.3.0] AndroidManifest.xml:50:13-122
107            android:exported="false"
107-->[com.google.android.gms:play-services-ads-lite:20.3.0] AndroidManifest.xml:51:13-37
108            android:theme="@android:style/Theme.Translucent" />
108-->[com.google.android.gms:play-services-ads-lite:20.3.0] AndroidManifest.xml:52:13-61
109
110        <provider
110-->[com.google.android.gms:play-services-ads-lite:20.3.0] AndroidManifest.xml:54:9-58:39
111            android:name="com.google.android.gms.ads.MobileAdsInitProvider"
111-->[com.google.android.gms:play-services-ads-lite:20.3.0] AndroidManifest.xml:55:13-76
112            android:authorities="com.rai.dropitdown.mobileadsinitprovider"
112-->[com.google.android.gms:play-services-ads-lite:20.3.0] AndroidManifest.xml:56:13-73
113            android:exported="false"
113-->[com.google.android.gms:play-services-ads-lite:20.3.0] AndroidManifest.xml:57:13-37
114            android:initOrder="100" />
114-->[com.google.android.gms:play-services-ads-lite:20.3.0] AndroidManifest.xml:58:13-36
115
116        <service
116-->[com.google.android.gms:play-services-ads-lite:20.3.0] AndroidManifest.xml:60:9-63:40
117            android:name="com.google.android.gms.ads.AdService"
117-->[com.google.android.gms:play-services-ads-lite:20.3.0] AndroidManifest.xml:61:13-64
118            android:enabled="true"
118-->[com.google.android.gms:play-services-ads-lite:20.3.0] AndroidManifest.xml:62:13-35
119            android:exported="false" />
119-->[com.google.android.gms:play-services-ads-lite:20.3.0] AndroidManifest.xml:63:13-37
120
121        <provider
121-->[androidx.work:work-runtime:2.1.0] AndroidManifest.xml:30:9-36:35
122            android:name="androidx.work.impl.WorkManagerInitializer"
122-->[androidx.work:work-runtime:2.1.0] AndroidManifest.xml:31:13-69
123            android:authorities="com.rai.dropitdown.workmanager-init"
123-->[androidx.work:work-runtime:2.1.0] AndroidManifest.xml:32:13-68
124            android:directBootAware="false"
124-->[androidx.work:work-runtime:2.1.0] AndroidManifest.xml:33:13-44
125            android:exported="false"
125-->[androidx.work:work-runtime:2.1.0] AndroidManifest.xml:34:13-37
126            android:multiprocess="true" />
126-->[androidx.work:work-runtime:2.1.0] AndroidManifest.xml:35:13-40
127
128        <service
128-->[androidx.work:work-runtime:2.1.0] AndroidManifest.xml:38:9-43:35
129            android:name="androidx.work.impl.background.systemalarm.SystemAlarmService"
129-->[androidx.work:work-runtime:2.1.0] AndroidManifest.xml:39:13-88
130            android:directBootAware="false"
130-->[androidx.work:work-runtime:2.1.0] AndroidManifest.xml:40:13-44
131            android:enabled="@bool/enable_system_alarm_service_default"
131-->[androidx.work:work-runtime:2.1.0] AndroidManifest.xml:41:13-72
132            android:exported="false" />
132-->[androidx.work:work-runtime:2.1.0] AndroidManifest.xml:42:13-37
133        <service
133-->[androidx.work:work-runtime:2.1.0] AndroidManifest.xml:44:9-50:35
134            android:name="androidx.work.impl.background.systemjob.SystemJobService"
134-->[androidx.work:work-runtime:2.1.0] AndroidManifest.xml:45:13-84
135            android:directBootAware="false"
135-->[androidx.work:work-runtime:2.1.0] AndroidManifest.xml:46:13-44
136            android:enabled="@bool/enable_system_job_service_default"
136-->[androidx.work:work-runtime:2.1.0] AndroidManifest.xml:47:13-70
137            android:exported="true"
137-->[androidx.work:work-runtime:2.1.0] AndroidManifest.xml:48:13-36
138            android:permission="android.permission.BIND_JOB_SERVICE" />
138-->[androidx.work:work-runtime:2.1.0] AndroidManifest.xml:49:13-69
139
140        <receiver
140-->[androidx.work:work-runtime:2.1.0] AndroidManifest.xml:52:9-57:35
141            android:name="androidx.work.impl.utils.ForceStopRunnable$BroadcastReceiver"
141-->[androidx.work:work-runtime:2.1.0] AndroidManifest.xml:53:13-88
142            android:directBootAware="false"
142-->[androidx.work:work-runtime:2.1.0] AndroidManifest.xml:54:13-44
143            android:enabled="true"
143-->[androidx.work:work-runtime:2.1.0] AndroidManifest.xml:55:13-35
144            android:exported="false" />
144-->[androidx.work:work-runtime:2.1.0] AndroidManifest.xml:56:13-37
145        <receiver
145-->[androidx.work:work-runtime:2.1.0] AndroidManifest.xml:58:9-68:20
146            android:name="androidx.work.impl.background.systemalarm.ConstraintProxy$BatteryChargingProxy"
146-->[androidx.work:work-runtime:2.1.0] AndroidManifest.xml:59:13-106
147            android:directBootAware="false"
147-->[androidx.work:work-runtime:2.1.0] AndroidManifest.xml:60:13-44
148            android:enabled="false"
148-->[androidx.work:work-runtime:2.1.0] AndroidManifest.xml:61:13-36
149            android:exported="false" >
149-->[androidx.work:work-runtime:2.1.0] AndroidManifest.xml:62:13-37
150            <intent-filter>
150-->[androidx.work:work-runtime:2.1.0] AndroidManifest.xml:64:13-67:29
151                <action android:name="android.intent.action.ACTION_POWER_CONNECTED" />
151-->[androidx.work:work-runtime:2.1.0] AndroidManifest.xml:65:17-87
151-->[androidx.work:work-runtime:2.1.0] AndroidManifest.xml:65:25-84
152                <action android:name="android.intent.action.ACTION_POWER_DISCONNECTED" />
152-->[androidx.work:work-runtime:2.1.0] AndroidManifest.xml:66:17-90
152-->[androidx.work:work-runtime:2.1.0] AndroidManifest.xml:66:25-87
153            </intent-filter>
154        </receiver>
155        <receiver
155-->[androidx.work:work-runtime:2.1.0] AndroidManifest.xml:69:9-79:20
156            android:name="androidx.work.impl.background.systemalarm.ConstraintProxy$BatteryNotLowProxy"
156-->[androidx.work:work-runtime:2.1.0] AndroidManifest.xml:70:13-104
157            android:directBootAware="false"
157-->[androidx.work:work-runtime:2.1.0] AndroidManifest.xml:71:13-44
158            android:enabled="false"
158-->[androidx.work:work-runtime:2.1.0] AndroidManifest.xml:72:13-36
159            android:exported="false" >
159-->[androidx.work:work-runtime:2.1.0] AndroidManifest.xml:73:13-37
160            <intent-filter>
160-->[androidx.work:work-runtime:2.1.0] AndroidManifest.xml:75:13-78:29
161                <action android:name="android.intent.action.BATTERY_OKAY" />
161-->[androidx.work:work-runtime:2.1.0] AndroidManifest.xml:76:17-77
161-->[androidx.work:work-runtime:2.1.0] AndroidManifest.xml:76:25-74
162                <action android:name="android.intent.action.BATTERY_LOW" />
162-->[androidx.work:work-runtime:2.1.0] AndroidManifest.xml:77:17-76
162-->[androidx.work:work-runtime:2.1.0] AndroidManifest.xml:77:25-73
163            </intent-filter>
164        </receiver>
165        <receiver
165-->[androidx.work:work-runtime:2.1.0] AndroidManifest.xml:80:9-90:20
166            android:name="androidx.work.impl.background.systemalarm.ConstraintProxy$StorageNotLowProxy"
166-->[androidx.work:work-runtime:2.1.0] AndroidManifest.xml:81:13-104
167            android:directBootAware="false"
167-->[androidx.work:work-runtime:2.1.0] AndroidManifest.xml:82:13-44
168            android:enabled="false"
168-->[androidx.work:work-runtime:2.1.0] AndroidManifest.xml:83:13-36
169            android:exported="false" >
169-->[androidx.work:work-runtime:2.1.0] AndroidManifest.xml:84:13-37
170            <intent-filter>
170-->[androidx.work:work-runtime:2.1.0] AndroidManifest.xml:86:13-89:29
171                <action android:name="android.intent.action.DEVICE_STORAGE_LOW" />
171-->[androidx.work:work-runtime:2.1.0] AndroidManifest.xml:87:17-83
171-->[androidx.work:work-runtime:2.1.0] AndroidManifest.xml:87:25-80
172                <action android:name="android.intent.action.DEVICE_STORAGE_OK" />
172-->[androidx.work:work-runtime:2.1.0] AndroidManifest.xml:88:17-82
172-->[androidx.work:work-runtime:2.1.0] AndroidManifest.xml:88:25-79
173            </intent-filter>
174        </receiver>
175        <receiver
175-->[androidx.work:work-runtime:2.1.0] AndroidManifest.xml:91:9-100:20
176            android:name="androidx.work.impl.background.systemalarm.ConstraintProxy$NetworkStateProxy"
176-->[androidx.work:work-runtime:2.1.0] AndroidManifest.xml:92:13-103
177            android:directBootAware="false"
177-->[androidx.work:work-runtime:2.1.0] AndroidManifest.xml:93:13-44
178            android:enabled="false"
178-->[androidx.work:work-runtime:2.1.0] AndroidManifest.xml:94:13-36
179            android:exported="false" >
179-->[androidx.work:work-runtime:2.1.0] AndroidManifest.xml:95:13-37
180            <intent-filter>
180-->[androidx.work:work-runtime:2.1.0] AndroidManifest.xml:97:13-99:29
181                <action android:name="android.net.conn.CONNECTIVITY_CHANGE" />
181-->[androidx.work:work-runtime:2.1.0] AndroidManifest.xml:98:17-79
181-->[androidx.work:work-runtime:2.1.0] AndroidManifest.xml:98:25-76
182            </intent-filter>
183        </receiver>
184        <receiver
184-->[androidx.work:work-runtime:2.1.0] AndroidManifest.xml:101:9-112:20
185            android:name="androidx.work.impl.background.systemalarm.RescheduleReceiver"
185-->[androidx.work:work-runtime:2.1.0] AndroidManifest.xml:102:13-88
186            android:directBootAware="false"
186-->[androidx.work:work-runtime:2.1.0] AndroidManifest.xml:103:13-44
187            android:enabled="false"
187-->[androidx.work:work-runtime:2.1.0] AndroidManifest.xml:104:13-36
188            android:exported="false" >
188-->[androidx.work:work-runtime:2.1.0] AndroidManifest.xml:105:13-37
189            <intent-filter>
189-->[androidx.work:work-runtime:2.1.0] AndroidManifest.xml:107:13-111:29
190                <action android:name="android.intent.action.BOOT_COMPLETED" />
190-->[androidx.work:work-runtime:2.1.0] AndroidManifest.xml:108:17-79
190-->[androidx.work:work-runtime:2.1.0] AndroidManifest.xml:108:25-76
191                <action android:name="android.intent.action.TIME_SET" />
191-->[androidx.work:work-runtime:2.1.0] AndroidManifest.xml:109:17-73
191-->[androidx.work:work-runtime:2.1.0] AndroidManifest.xml:109:25-70
192                <action android:name="android.intent.action.TIMEZONE_CHANGED" />
192-->[androidx.work:work-runtime:2.1.0] AndroidManifest.xml:110:17-81
192-->[androidx.work:work-runtime:2.1.0] AndroidManifest.xml:110:25-78
193            </intent-filter>
194        </receiver>
195        <receiver
195-->[androidx.work:work-runtime:2.1.0] AndroidManifest.xml:113:9-122:20
196            android:name="androidx.work.impl.background.systemalarm.ConstraintProxyUpdateReceiver"
196-->[androidx.work:work-runtime:2.1.0] AndroidManifest.xml:114:13-99
197            android:directBootAware="false"
197-->[androidx.work:work-runtime:2.1.0] AndroidManifest.xml:115:13-44
198            android:enabled="@bool/enable_system_alarm_service_default"
198-->[androidx.work:work-runtime:2.1.0] AndroidManifest.xml:116:13-72
199            android:exported="false" >
199-->[androidx.work:work-runtime:2.1.0] AndroidManifest.xml:117:13-37
200            <intent-filter>
200-->[androidx.work:work-runtime:2.1.0] AndroidManifest.xml:119:13-121:29
201                <action android:name="androidx.work.impl.background.systemalarm.UpdateProxies" />
201-->[androidx.work:work-runtime:2.1.0] AndroidManifest.xml:120:17-98
201-->[androidx.work:work-runtime:2.1.0] AndroidManifest.xml:120:25-95
202            </intent-filter>
203        </receiver>
204
205        <service
205-->[androidx.room:room-runtime:2.1.0] AndroidManifest.xml:25:9-27:40
206            android:name="androidx.room.MultiInstanceInvalidationService"
206-->[androidx.room:room-runtime:2.1.0] AndroidManifest.xml:26:13-74
207            android:exported="false" />
207-->[androidx.room:room-runtime:2.1.0] AndroidManifest.xml:27:13-37
208    </application>
209
210</manifest>